!SESSION 2017-07-14 17:33:51.017 -----------------------------------------------
eclipse.buildId=unknown
java.version=1.8.0_121
java.vendor=Oracle Corporation
BootLoader constants: OS=win32, ARCH=x86_64, WS=win32, NL=en_US
Command-line arguments:  -data C:\1_Tools\1_Portable\VsCodePortable\Data\code\User\workspaceStorage\aa39bae3491166c811e628f911e6e485\redhat.java\jdt_ws

!ENTRY org.eclipse.jdt.ls.core 1 0 2017-07-14 17:33:53.618
!MESSAGE class org.eclipse.jdt.ls.core.internal.JavaLanguageServerPlugin is started

!ENTRY org.eclipse.jdt.ls.core 1 0 2017-07-14 17:33:53.808
!MESSAGE >> initialize

!ENTRY org.eclipse.jdt.ls.core 1 0 2017-07-14 17:33:53.839
!MESSAGE Initializing Java Language Server 0.1.0.201707041511

!ENTRY org.eclipse.jdt.ls.core 1 0 2017-07-14 17:33:53.907
!MESSAGE Creating the default Java project

!ENTRY org.eclipse.jdt.ls.core 1 0 2017-07-14 17:33:53.957
!MESSAGE >> workspace/didChangeConfiguration

!ENTRY org.eclipse.jdt.ls.core 1 0 2017-07-14 17:33:58.808
!MESSAGE >>New configuration: {java={configuration={maven={userSettings=null}, updateBuildConfiguration=interactive}, errors={incompleteClasspath={severity=warning}}, home=null, jdt={ls={vmargs=-noverify -Xmx1G -XX:+UseG1GC -XX:+UseStringDeduplication}}, referencesCodeLens={enabled=true}, trace={server=off}}}

!ENTRY org.eclipse.jdt.ls.core 1 0 2017-07-14 17:33:58.861
!MESSAGE >> document/didOpen

!ENTRY org.eclipse.jdt.ls.core 1 0 2017-07-14 17:33:59.208
!MESSAGE Finished creating the default Java project

!ENTRY org.eclipse.jdt.ls.core 1 0 2017-07-14 17:33:59.970
!MESSAGE Importing Gradle project(s)

!ENTRY org.eclipse.buildship.core 4 0 2017-07-14 17:34:21.074
!MESSAGE Synchronize Gradle projects with workspace failed due to an error configuring Eclipse.
!STACK 0
org.eclipse.buildship.core.GradlePluginsRuntimeException: com.google.common.util.concurrent.UncheckedExecutionException: java.lang.reflect.UndeclaredThrowableException
	at org.eclipse.buildship.core.workspace.internal.DefaultModelProvider.getFromCache(DefaultModelProvider.java:158)
	at org.eclipse.buildship.core.workspace.internal.DefaultModelProvider.executeOperation(DefaultModelProvider.java:139)
	at org.eclipse.buildship.core.workspace.internal.DefaultModelProvider.executeBuildActionExecuter(DefaultModelProvider.java:108)
	at org.eclipse.buildship.core.workspace.internal.DefaultModelProvider.fetchModels(DefaultModelProvider.java:78)
	at org.eclipse.buildship.core.workspace.internal.DefaultModelProvider.fetchEclipseGradleProjects(DefaultModelProvider.java:99)
	at org.eclipse.buildship.core.workspace.internal.SynchronizeGradleBuildsJob.fetchEclipseProjects(SynchronizeGradleBuildsJob.java:91)
	at org.eclipse.buildship.core.workspace.internal.SynchronizeGradleBuildsJob.synchronizeBuild(SynchronizeGradleBuildsJob.java:81)
	at org.eclipse.buildship.core.workspace.internal.SynchronizeGradleBuildsJob.runToolingApiJob(SynchronizeGradleBuildsJob.java:73)
	at org.eclipse.buildship.core.util.progress.ToolingApiJob$1.run(ToolingApiJob.java:73)
	at org.eclipse.buildship.core.util.progress.ToolingApiInvoker.invoke(ToolingApiInvoker.java:62)
	at org.eclipse.buildship.core.util.progress.ToolingApiJob.run(ToolingApiJob.java:70)
	at org.eclipse.core.internal.jobs.Worker.run(Worker.java:56)
Caused by: com.google.common.util.concurrent.UncheckedExecutionException: java.lang.reflect.UndeclaredThrowableException
	at com.google.common.cache.LocalCache$Segment.get(LocalCache.java:2217)
	at com.google.common.cache.LocalCache.get(LocalCache.java:4154)
	at com.google.common.cache.LocalCache$LocalManualCache.get(LocalCache.java:5060)
	at org.eclipse.buildship.core.workspace.internal.DefaultModelProvider.getFromCache(DefaultModelProvider.java:155)
	... 11 more
Caused by: java.lang.reflect.UndeclaredThrowableException
	at com.sun.proxy.$Proxy43.run(Unknown Source)
	at org.eclipse.buildship.core.workspace.internal.DefaultModelProvider$1.get(DefaultModelProvider.java:112)
	at org.eclipse.buildship.core.workspace.internal.DefaultModelProvider$3.call(DefaultModelProvider.java:143)
	at com.google.common.cache.LocalCache$LocalManualCache$1.load(LocalCache.java:5065)
	at com.google.common.cache.LocalCache$LoadingValueReference.loadFuture(LocalCache.java:3716)
	at com.google.common.cache.LocalCache$Segment.loadSync(LocalCache.java:2424)
	at com.google.common.cache.LocalCache$Segment.lockedGetOrLoad(LocalCache.java:2298)
	at com.google.common.cache.LocalCache$Segment.get(LocalCache.java:2211)
	... 14 more
Caused by: java.lang.reflect.InvocationTargetException
	at sun.reflect.NativeMethodAccessorImpl.invoke0(Native Method)
	at sun.reflect.NativeMethodAccessorImpl.invoke(NativeMethodAccessorImpl.java:62)
	at sun.reflect.DelegatingMethodAccessorImpl.invoke(DelegatingMethodAccessorImpl.java:43)
	at java.lang.reflect.Method.invoke(Method.java:498)
	at org.eclipse.buildship.core.workspace.internal.ConnectionAwareLauncherProxy.invokeRun(ConnectionAwareLauncherProxy.java:156)
	at org.eclipse.buildship.core.workspace.internal.ConnectionAwareLauncherProxy.invoke(ConnectionAwareLauncherProxy.java:146)
	... 22 more
Caused by: org.gradle.tooling.BuildException: Could not run build action using Gradle distribution 'https://services.gradle.org/distributions/gradle-3.5-bin.zip'.
	at org.gradle.tooling.internal.consumer.ExceptionTransformer.transform(ExceptionTransformer.java:51)
	at org.gradle.tooling.internal.consumer.ExceptionTransformer.transform(ExceptionTransformer.java:29)
	at org.gradle.tooling.internal.consumer.ResultHandlerAdapter.onFailure(ResultHandlerAdapter.java:41)
	at org.gradle.tooling.internal.consumer.async.DefaultAsyncConsumerActionExecutor$1$1.run(DefaultAsyncConsumerActionExecutor.java:57)
	at org.gradle.internal.concurrent.ExecutorPolicy$CatchAndRecordFailures.onExecute(ExecutorPolicy.java:63)
	at org.gradle.internal.concurrent.StoppableExecutorImpl$1.run(StoppableExecutorImpl.java:46)
	at java.util.concurrent.ThreadPoolExecutor.runWorker(ThreadPoolExecutor.java:1142)
	at java.util.concurrent.ThreadPoolExecutor$Worker.run(ThreadPoolExecutor.java:617)
	at java.lang.Thread.run(Thread.java:745)
	at org.gradle.tooling.internal.consumer.BlockingResultHandler.getResult(BlockingResultHandler.java:46)
	at org.gradle.tooling.internal.consumer.DefaultBuildActionExecuter.run(DefaultBuildActionExecuter.java:60)
	... 28 more
Caused by: org.gradle.internal.exceptions.LocationAwareException: Build file 'C:\2_Work\MyTests\TourOfHeroes\node_modules\less\build.gradle' line: 16
A problem occurred evaluating root project 'less'.
	at org.gradle.initialization.DefaultExceptionAnalyser.transform(DefaultExceptionAnalyser.java:74)
	at org.gradle.initialization.MultipleBuildFailuresExceptionAnalyser.transform(MultipleBuildFailuresExceptionAnalyser.java:47)
	at org.gradle.initialization.StackTraceSanitizingExceptionAnalyser.transform(StackTraceSanitizingExceptionAnalyser.java:30)
	at org.gradle.initialization.DefaultGradleLauncher.doBuild(DefaultGradleLauncher.java:114)
	at org.gradle.initialization.DefaultGradleLauncher.getBuildAnalysis(DefaultGradleLauncher.java:100)
	at org.gradle.launcher.exec.GradleBuildController.configure(GradleBuildController.java:74)
	at org.gradle.tooling.internal.provider.runner.ClientProvidedBuildActionRunner.run(ClientProvidedBuildActionRunner.java:65)
	at org.gradle.launcher.exec.ChainingBuildActionRunner.run(ChainingBuildActionRunner.java:35)
	at org.gradle.tooling.internal.provider.runner.RunAsBuildOperationBuildActionRunner$1.execute(RunAsBuildOperationBuildActionRunner.java:43)
	at org.gradle.tooling.internal.provider.runner.RunAsBuildOperationBuildActionRunner$1.execute(RunAsBuildOperationBuildActionRunner.java:40)
	at org.gradle.internal.Transformers$4.transform(Transformers.java:169)
	at org.gradle.internal.progress.DefaultBuildOperationExecutor.run(DefaultBuildOperationExecutor.java:106)
	at org.gradle.internal.progress.DefaultBuildOperationExecutor.run(DefaultBuildOperationExecutor.java:56)
	at org.gradle.tooling.internal.provider.runner.RunAsBuildOperationBuildActionRunner.run(RunAsBuildOperationBuildActionRunner.java:40)
	at org.gradle.tooling.internal.provider.runner.SubscribableBuildActionRunner.run(SubscribableBuildActionRunner.java:88)
	at org.gradle.launcher.exec.ChainingBuildActionRunner.run(ChainingBuildActionRunner.java:35)
	at org.gradle.launcher.exec.InProcessBuildActionExecuter.execute(InProcessBuildActionExecuter.java:41)
	at org.gradle.launcher.exec.InProcessBuildActionExecuter.execute(InProcessBuildActionExecuter.java:26)
	at org.gradle.tooling.internal.provider.ContinuousBuildActionExecuter.execute(ContinuousBuildActionExecuter.java:75)
	at org.gradle.tooling.internal.provider.ContinuousBuildActionExecuter.execute(ContinuousBuildActionExecuter.java:49)
	at org.gradle.tooling.internal.provider.ServicesSetupBuildActionExecuter.execute(ServicesSetupBuildActionExecuter.java:49)
	at org.gradle.tooling.internal.provider.ServicesSetupBuildActionExecuter.execute(ServicesSetupBuildActionExecuter.java:31)
	at org.gradle.launcher.daemon.server.exec.ExecuteBuild.doBuild(ExecuteBuild.java:67)
	at org.gradle.launcher.daemon.server.exec.BuildCommandOnly.execute(BuildCommandOnly.java:36)
	at org.gradle.launcher.daemon.server.api.DaemonCommandExecution.proceed(DaemonCommandExecution.java:120)
	at org.gradle.launcher.daemon.server.exec.WatchForDisconnection.execute(WatchForDisconnection.java:37)
	at org.gradle.launcher.daemon.server.api.DaemonCommandExecution.proceed(DaemonCommandExecution.java:120)
	at org.gradle.launcher.daemon.server.exec.ResetDeprecationLogger.execute(ResetDeprecationLogger.java:26)
	at org.gradle.launcher.daemon.server.api.DaemonCommandExecution.proceed(DaemonCommandExecution.java:120)
	at org.gradle.launcher.daemon.server.exec.RequestStopIfSingleUsedDaemon.execute(RequestStopIfSingleUsedDaemon.java:34)
	at org.gradle.launcher.daemon.server.api.DaemonCommandExecution.proceed(DaemonCommandExecution.java:120)
	at org.gradle.launcher.daemon.server.exec.ForwardClientInput$2.call(ForwardClientInput.java:74)
	at org.gradle.launcher.daemon.server.exec.ForwardClientInput$2.call(ForwardClientInput.java:72)
	at org.gradle.util.Swapper.swap(Swapper.java:38)
	at org.gradle.launcher.daemon.server.exec.ForwardClientInput.execute(ForwardClientInput.java:72)
	at org.gradle.launcher.daemon.server.api.DaemonCommandExecution.proceed(DaemonCommandExecution.java:120)
	at org.gradle.launcher.daemon.server.exec.LogAndCheckHealth.execute(LogAndCheckHealth.java:55)
	at org.gradle.launcher.daemon.server.api.DaemonCommandExecution.proceed(DaemonCommandExecution.java:120)
	at org.gradle.launcher.daemon.server.exec.LogToClient.doBuild(LogToClient.java:60)
	at org.gradle.launcher.daemon.server.exec.BuildCommandOnly.execute(BuildCommandOnly.java:36)
	at org.gradle.launcher.daemon.server.api.DaemonCommandExecution.proceed(DaemonCommandExecution.java:120)
	at org.gradle.launcher.daemon.server.exec.EstablishBuildEnvironment.doBuild(EstablishBuildEnvironment.java:72)
	at org.gradle.launcher.daemon.server.exec.BuildCommandOnly.execute(BuildCommandOnly.java:36)
	at org.gradle.launcher.daemon.server.api.DaemonCommandExecution.proceed(DaemonCommandExecution.java:120)
	at org.gradle.launcher.daemon.server.exec.StartBuildOrRespondWithBusy$1.run(StartBuildOrRespondWithBusy.java:50)
	at org.gradle.launcher.daemon.server.DaemonStateCoordinator$1.run(DaemonStateCoordinator.java:297)
	at org.gradle.internal.concurrent.ExecutorPolicy$CatchAndRecordFailures.onExecute(ExecutorPolicy.java:63)
	at org.gradle.internal.concurrent.StoppableExecutorImpl$1.run(StoppableExecutorImpl.java:46)
Caused by: org.gradle.api.GradleScriptException: A problem occurred evaluating root project 'less'.
	at org.gradle.groovy.scripts.internal.DefaultScriptRunnerFactory$ScriptRunnerImpl.run(DefaultScriptRunnerFactory.java:92)
	at org.gradle.configuration.DefaultScriptPluginFactory$ScriptPluginImpl$2.run(DefaultScriptPluginFactory.java:176)
	at org.gradle.configuration.ProjectScriptTarget.addConfiguration(ProjectScriptTarget.java:77)
	at org.gradle.configuration.DefaultScriptPluginFactory$ScriptPluginImpl.apply(DefaultScriptPluginFactory.java:181)
	at org.gradle.configuration.project.BuildScriptProcessor.execute(BuildScriptProcessor.java:39)
	at org.gradle.configuration.project.BuildScriptProcessor.execute(BuildScriptProcessor.java:26)
	at org.gradle.configuration.project.ConfigureActionsProjectEvaluator.evaluate(ConfigureActionsProjectEvaluator.java:34)
	at org.gradle.configuration.project.LifecycleProjectEvaluator.doConfigure(LifecycleProjectEvaluator.java:70)
	at org.gradle.configuration.project.LifecycleProjectEvaluator.access$000(LifecycleProjectEvaluator.java:33)
	at org.gradle.configuration.project.LifecycleProjectEvaluator$1.execute(LifecycleProjectEvaluator.java:53)
	at org.gradle.configuration.project.LifecycleProjectEvaluator$1.execute(LifecycleProjectEvaluator.java:50)
	at org.gradle.internal.Transformers$4.transform(Transformers.java:169)
	at org.gradle.internal.progress.DefaultBuildOperationExecutor.run(DefaultBuildOperationExecutor.java:106)
	at org.gradle.internal.progress.DefaultBuildOperationExecutor.run(DefaultBuildOperationExecutor.java:61)
	at org.gradle.configuration.project.LifecycleProjectEvaluator.evaluate(LifecycleProjectEvaluator.java:50)
	at org.gradle.api.internal.project.DefaultProject.evaluate(DefaultProject.java:648)
	at org.gradle.api.internal.project.DefaultProject.evaluate(DefaultProject.java:126)
	at org.gradle.execution.TaskPathProjectEvaluator.configure(TaskPathProjectEvaluator.java:35)
	at org.gradle.execution.TaskPathProjectEvaluator.configureHierarchy(TaskPathProjectEvaluator.java:60)
	at org.gradle.configuration.DefaultBuildConfigurer.configure(DefaultBuildConfigurer.java:38)
	at org.gradle.initialization.DefaultGradleLauncher$ConfigureBuildAction.execute(DefaultGradleLauncher.java:207)
	at org.gradle.initialization.DefaultGradleLauncher$ConfigureBuildAction.execute(DefaultGradleLauncher.java:204)
	at org.gradle.internal.Transformers$4.transform(Transformers.java:169)
	at org.gradle.internal.progress.DefaultBuildOperationExecutor.run(DefaultBuildOperationExecutor.java:106)
	at org.gradle.internal.progress.DefaultBuildOperationExecutor.run(DefaultBuildOperationExecutor.java:56)
	at org.gradle.initialization.DefaultGradleLauncher.doBuildStages(DefaultGradleLauncher.java:146)
	at org.gradle.initialization.DefaultGradleLauncher.doBuild(DefaultGradleLauncher.java:112)
	... 44 more
Caused by: org.gradle.api.internal.plugins.PluginApplicationException: Failed to apply plugin [id 'js']
	at org.gradle.api.internal.plugins.DefaultPluginManager.doApply(DefaultPluginManager.java:156)
	at org.gradle.api.internal.plugins.DefaultPluginManager.apply(DefaultPluginManager.java:113)
	at org.gradle.api.internal.plugins.DefaultObjectConfigurationAction.applyType(DefaultObjectConfigurationAction.java:113)
	at org.gradle.api.internal.plugins.DefaultObjectConfigurationAction.access$200(DefaultObjectConfigurationAction.java:36)
	at org.gradle.api.internal.plugins.DefaultObjectConfigurationAction$3.run(DefaultObjectConfigurationAction.java:80)
	at org.gradle.api.internal.plugins.DefaultObjectConfigurationAction.execute(DefaultObjectConfigurationAction.java:136)
	at org.gradle.api.internal.project.AbstractPluginAware.apply(AbstractPluginAware.java:44)
	at org.gradle.api.internal.project.ProjectScript.apply(ProjectScript.java:34)
	at org.gradle.api.Script$apply$0.callCurrent(Unknown Source)
	at build_7bzn86sec2hsuavoyebam7fbh.run(C:\2_Work\MyTests\TourOfHeroes\node_modules\less\build.gradle:16)
	at org.gradle.groovy.scripts.internal.DefaultScriptRunnerFactory$ScriptRunnerImpl.run(DefaultScriptRunnerFactory.java:90)
	... 70 more
Caused by: org.gradle.internal.reflect.ObjectInstantiationException: Could not create an instance of type com.eriwen.gradle.js.JavaScriptExtension_Decorated.
	at org.gradle.internal.reflect.DirectInstantiator.newInstance(DirectInstantiator.java:52)
	at org.gradle.api.internal.ClassGeneratorBackedInstantiator.newInstance(ClassGeneratorBackedInstantiator.java:36)
	at org.gradle.api.internal.plugins.DefaultConvention.instantiate(DefaultConvention.java:230)
	at org.gradle.api.internal.plugins.DefaultConvention.create(DefaultConvention.java:137)
	at com.eriwen.gradle.js.JsPlugin.apply(JsPlugin.groovy:30)
	at com.eriwen.gradle.js.JsPlugin.apply(JsPlugin.groovy)
	at org.gradle.api.internal.plugins.ImperativeOnlyPluginApplicator.applyImperative(ImperativeOnlyPluginApplicator.java:35)
	at org.gradle.api.internal.plugins.RuleBasedPluginApplicator.applyImperative(RuleBasedPluginApplicator.java:43)
	at org.gradle.api.internal.plugins.DefaultPluginManager.doApply(DefaultPluginManager.java:140)
	... 80 more
Caused by: java.lang.NoSuchMethodError: org.gradle.api.internal.project.ProjectInternal.getServices()Lorg/gradle/internal/service/scopes/ServiceRegistryFactory;
	at com.eriwen.gradle.js.source.internal.InternalGradle.toInstantiator(InternalGradle.java:14)
	at com.eriwen.gradle.js.source.internal.InternalGradle$toInstantiator.call(Unknown Source)
	at com.eriwen.gradle.js.JavaScriptExtension.<init>(JavaScriptExtension.groovy:15)
	at com.eriwen.gradle.js.JavaScriptExtension_Decorated.<init>(Unknown Source)
	at org.gradle.internal.reflect.DirectInstantiator.newInstance(DirectInstantiator.java:50)
	... 88 more

!ENTRY org.eclipse.jdt.ls.core 1 0 2017-07-14 17:34:21.327
!MESSAGE Classpath is incomplete. Only syntax errors will be reported for file:///c%3A/2_Work/MyTests/SpringBootSample/src/main/java/com/spring/sample/controllers/TestController.java

!ENTRY org.eclipse.jdt.ls.core 1 0 2017-07-14 17:34:22.052
!MESSAGE begin problem for TestController.java

!ENTRY org.eclipse.jdt.ls.core 1 0 2017-07-14 17:34:22.062
!MESSAGE end reporting for TestController.java

!ENTRY org.eclipse.jdt.ls.core 1 0 2017-07-14 17:34:22.091
!MESSAGE >> document/codeAction

!ENTRY org.eclipse.jdt.ls.core 1 0 2017-07-14 17:34:22.138
!MESSAGE >> document/codeLens

!ENTRY org.eclipse.jdt.ls.core 1 0 2017-07-14 17:34:22.154
!MESSAGE Caching AST for /jdt.ls-java-project/src/com/spring/sample/controllers/TestController.java

!ENTRY org.eclipse.jdt.ls.core 1 0 2017-07-14 17:34:22.189
!MESSAGE >> document/hover

!ENTRY org.eclipse.jdt.ls.core 1 0 2017-07-14 17:34:22.214
!MESSAGE >> document/hover

!ENTRY org.eclipse.jdt.ls.core 1 0 2017-07-14 17:34:22.232
!MESSAGE >> document/hover

!ENTRY org.eclipse.jdt.ls.core 1 0 2017-07-14 17:34:22.263
!MESSAGE >> document/documentHighlight

!ENTRY org.eclipse.jdt.ls.core 1 0 2017-07-14 17:34:22.283
!MESSAGE >> document/codeAction

!ENTRY org.eclipse.jdt.ls.core 1 0 2017-07-14 17:34:22.307
!MESSAGE >> document/hover

!ENTRY org.eclipse.jdt.ls.core 1 0 2017-07-14 17:34:22.331
!MESSAGE >> document/hover

!ENTRY org.eclipse.jdt.ls.core 1 0 2017-07-14 17:34:22.355
!MESSAGE >> document/hover

!ENTRY org.eclipse.jdt.ls.core 1 0 2017-07-14 17:34:22.468
!MESSAGE >> document/hover

!ENTRY org.eclipse.jdt.ls.core 1 0 2017-07-14 17:34:22.677
!MESSAGE >> document/documentHighlight

!ENTRY org.eclipse.jdt.ls.core 1 0 2017-07-14 17:34:22.761
!MESSAGE >> document/codeAction

!ENTRY org.eclipse.jdt.ls.core 1 0 2017-07-14 17:34:22.797
!MESSAGE >> document/codeAction

!ENTRY org.eclipse.jdt.ls.core 1 0 2017-07-14 17:34:22.811
!MESSAGE >> codeLens/resolve

!ENTRY org.eclipse.jdt.ls.core 1 0 2017-07-14 17:34:22.822
!MESSAGE >> codeLens/resolve

!ENTRY org.eclipse.jdt.ls.core 1 0 2017-07-14 17:34:22.843
!MESSAGE >> codeLens/resolve

!ENTRY org.eclipse.jdt.ls.core 1 0 2017-07-14 17:34:31.093
!MESSAGE >> document/didClose

!ENTRY org.eclipse.jdt.ls.core 1 0 2017-07-14 17:34:31.101
!MESSAGE DocumentLifeCycleHandler.handleClosed

!ENTRY org.eclipse.jdt.ls.core 1 0 2017-07-14 17:34:31.120
!MESSAGE Releasing AST for /jdt.ls-java-project/src/com/spring/sample/controllers/TestController.java

!ENTRY org.eclipse.jdt.ls.core 1 0 2017-07-17 11:21:11.529
!MESSAGE >> shutdown

!ENTRY org.eclipse.jdt.ls.core 1 0 2017-07-17 11:21:11.621
!MESSAGE >> exit
